[03-21 17:26:06]: [INFO] Created column 'regdate' and set the current timestamp, 1742559966330, to all 0 rows
[03-21 17:26:06]: [INFO] SQLite Setup finished
[03-21 17:26:06]: [INFO] No supported permissions system found! Permissions are disabled!
[03-21 17:26:06]: [WARN] WARNING! The protectInventory feature requires ProtocolLib! Disabling it...
[03-21 17:26:06]: [INFO] AuthMe 5.6.0 build n.CUSTOM successfully enabled!
[03-21 17:26:07]: [INFO] Downloading GEO IP database, because the old database is older than 30 days or doesn't exist
[03-21 17:26:07]: [WARN] No MaxMind credentials found in the configuration file! GeoIp protections will be disabled.
[03-21 17:26:07]: [INFO] There is no newer GEO IP database uploaded to MaxMind. Using the old one for now.
[03-21 17:26:07]: [WARN] Could not download GeoLiteAPI database [FileNotFoundException]: plugins\AuthMe\GeoLite2-Country.mmdb (Не удается найти указанный файл)
[03-21 17:26:07]: java.io.FileNotFoundException: plugins\AuthMe\GeoLite2-Country.mmdb (Не удается найти указанный файл)
	at java.io.RandomAccessFile.open0(Native Method)
	at java.io.RandomAccessFile.open(Unknown Source)
	at java.io.RandomAccessFile.<init>(Unknown Source)
	at fr.xephi.authme.libs.com.maxmind.db.BufferHolder.<init>(BufferHolder.java:20)
	at fr.xephi.authme.libs.com.maxmind.db.Reader.<init>(Reader.java:121)
	at fr.xephi.authme.service.GeoIpService.startReading(GeoIpService.java:179)
	at fr.xephi.authme.service.GeoIpService.updateDatabase(GeoIpService.java:150)
	at org.bukkit.craftbukkit.v1_12_R1.scheduler.CraftTask.run(CraftTask.java:65)
	at org.bukkit.craftbukkit.v1_12_R1.scheduler.CraftAsyncTask.run(CraftAsyncTask.java:52)
	at com.destroystokyo.paper.ServerSchedulerReportingWrapper.run(ServerSchedulerReportingWrapper.java:22)
	at java.util.concurrent.ThreadPoolExecutor.runWorker(Unknown Source)
	at java.util.concurrent.ThreadPoolExecutor$Worker.run(Unknown Source)
	at java.lang.Thread.run(Unknown Source)

[03-21 17:29:25]: [INFO] AuthMe 5.6.0-bCUSTOM disabled!
[03-21 17:29:26]: [INFO] SQLite Setup finished
[03-21 17:29:26]: [INFO] No supported permissions system found! Permissions are disabled!
[03-21 17:29:26]: [WARN] WARNING! The protectInventory feature requires ProtocolLib! Disabling it...
[03-21 17:29:27]: [INFO] AuthMe 5.6.0 build n.CUSTOM successfully enabled!
[03-21 17:29:27]: [INFO] Downloading GEO IP database, because the old database is older than 30 days or doesn't exist
[03-21 17:29:27]: [WARN] No MaxMind credentials found in the configuration file! GeoIp protections will be disabled.
[03-21 17:29:27]: [INFO] There is no newer GEO IP database uploaded to MaxMind. Using the old one for now.
[03-21 17:29:27]: [WARN] Could not download GeoLiteAPI database [FileNotFoundException]: plugins\AuthMe\GeoLite2-Country.mmdb (Не удается найти указанный файл)
[03-21 17:29:27]: java.io.FileNotFoundException: plugins\AuthMe\GeoLite2-Country.mmdb (Не удается найти указанный файл)
	at java.io.RandomAccessFile.open0(Native Method)
	at java.io.RandomAccessFile.open(Unknown Source)
	at java.io.RandomAccessFile.<init>(Unknown Source)
	at fr.xephi.authme.libs.com.maxmind.db.BufferHolder.<init>(BufferHolder.java:20)
	at fr.xephi.authme.libs.com.maxmind.db.Reader.<init>(Reader.java:121)
	at fr.xephi.authme.service.GeoIpService.startReading(GeoIpService.java:179)
	at fr.xephi.authme.service.GeoIpService.updateDatabase(GeoIpService.java:150)
	at org.bukkit.craftbukkit.v1_12_R1.scheduler.CraftTask.run(CraftTask.java:65)
	at org.bukkit.craftbukkit.v1_12_R1.scheduler.CraftAsyncTask.run(CraftAsyncTask.java:52)
	at com.destroystokyo.paper.ServerSchedulerReportingWrapper.run(ServerSchedulerReportingWrapper.java:22)
	at java.util.concurrent.ThreadPoolExecutor.runWorker(Unknown Source)
	at java.util.concurrent.ThreadPoolExecutor$Worker.run(Unknown Source)
	at java.lang.Thread.run(Unknown Source)

[03-21 17:29:46]: [FINE] evinoff registered 127.0.0.1
[03-21 17:29:46]: [FINE] evinoff logged in 127.0.0.1
[03-21 17:30:33]: [INFO] evinoff logged out
[03-21 17:35:15]: [INFO] AuthMe 5.6.0-bCUSTOM disabled!
[03-21 17:35:16]: [INFO] SQLite Setup finished
[03-21 17:35:16]: [INFO] No supported permissions system found! Permissions are disabled!
[03-21 17:35:16]: [WARN] WARNING! The protectInventory feature requires ProtocolLib! Disabling it...
[03-21 17:35:16]: [INFO] AuthMe 5.6.0 build n.CUSTOM successfully enabled!
[03-21 17:35:16]: [INFO] Downloading GEO IP database, because the old database is older than 30 days or doesn't exist
[03-21 17:35:16]: [WARN] No MaxMind credentials found in the configuration file! GeoIp protections will be disabled.
[03-21 17:35:16]: [INFO] There is no newer GEO IP database uploaded to MaxMind. Using the old one for now.
[03-21 17:35:16]: [WARN] Could not download GeoLiteAPI database [FileNotFoundException]: plugins\AuthMe\GeoLite2-Country.mmdb (Не удается найти указанный файл)
[03-21 17:35:16]: java.io.FileNotFoundException: plugins\AuthMe\GeoLite2-Country.mmdb (Не удается найти указанный файл)
	at java.io.RandomAccessFile.open0(Native Method)
	at java.io.RandomAccessFile.open(Unknown Source)
	at java.io.RandomAccessFile.<init>(Unknown Source)
	at fr.xephi.authme.libs.com.maxmind.db.BufferHolder.<init>(BufferHolder.java:20)
	at fr.xephi.authme.libs.com.maxmind.db.Reader.<init>(Reader.java:121)
	at fr.xephi.authme.service.GeoIpService.startReading(GeoIpService.java:179)
	at fr.xephi.authme.service.GeoIpService.updateDatabase(GeoIpService.java:150)
	at org.bukkit.craftbukkit.v1_12_R1.scheduler.CraftTask.run(CraftTask.java:65)
	at org.bukkit.craftbukkit.v1_12_R1.scheduler.CraftAsyncTask.run(CraftAsyncTask.java:52)
	at com.destroystokyo.paper.ServerSchedulerReportingWrapper.run(ServerSchedulerReportingWrapper.java:22)
	at java.util.concurrent.ThreadPoolExecutor.runWorker(Unknown Source)
	at java.util.concurrent.ThreadPoolExecutor$Worker.run(Unknown Source)
	at java.lang.Thread.run(Unknown Source)

[03-21 17:36:24]: [FINE] evinoff logged in 127.0.0.1
[03-21 18:58:08]: [INFO] AuthMe 5.6.0-bCUSTOM disabled!
[03-21 18:58:08]: [INFO] SQLite Setup finished
[03-21 18:58:09]: [INFO] No supported permissions system found! Permissions are disabled!
[03-21 18:58:09]: [WARN] WARNING! The protectInventory feature requires ProtocolLib! Disabling it...
[03-21 18:58:09]: [INFO] AuthMe 5.6.0 build n.CUSTOM successfully enabled!
[03-21 18:58:09]: [INFO] Downloading GEO IP database, because the old database is older than 30 days or doesn't exist
[03-21 18:58:09]: [WARN] No MaxMind credentials found in the configuration file! GeoIp protections will be disabled.
[03-21 18:58:09]: [INFO] There is no newer GEO IP database uploaded to MaxMind. Using the old one for now.
[03-21 18:58:09]: [WARN] Could not download GeoLiteAPI database [FileNotFoundException]: plugins\AuthMe\GeoLite2-Country.mmdb (Не удается найти указанный файл)
[03-21 18:58:09]: java.io.FileNotFoundException: plugins\AuthMe\GeoLite2-Country.mmdb (Не удается найти указанный файл)
	at java.io.RandomAccessFile.open0(Native Method)
	at java.io.RandomAccessFile.open(Unknown Source)
	at java.io.RandomAccessFile.<init>(Unknown Source)
	at fr.xephi.authme.libs.com.maxmind.db.BufferHolder.<init>(BufferHolder.java:20)
	at fr.xephi.authme.libs.com.maxmind.db.Reader.<init>(Reader.java:121)
	at fr.xephi.authme.service.GeoIpService.startReading(GeoIpService.java:179)
	at fr.xephi.authme.service.GeoIpService.updateDatabase(GeoIpService.java:150)
	at org.bukkit.craftbukkit.v1_12_R1.scheduler.CraftTask.run(CraftTask.java:65)
	at org.bukkit.craftbukkit.v1_12_R1.scheduler.CraftAsyncTask.run(CraftAsyncTask.java:52)
	at com.destroystokyo.paper.ServerSchedulerReportingWrapper.run(ServerSchedulerReportingWrapper.java:22)
	at java.util.concurrent.ThreadPoolExecutor.runWorker(Unknown Source)
	at java.util.concurrent.ThreadPoolExecutor$Worker.run(Unknown Source)
	at java.lang.Thread.run(Unknown Source)

[03-21 18:58:20]: [INFO] AuthMe 5.6.0-bCUSTOM disabled!
[03-21 18:58:53]: [INFO] SQLite Setup finished
[03-21 18:58:53]: [INFO] No supported permissions system found! Permissions are disabled!
[03-21 18:58:53]: [WARN] WARNING! The protectInventory feature requires ProtocolLib! Disabling it...
[03-21 18:58:54]: [INFO] AuthMe 5.6.0 build n.CUSTOM successfully enabled!
[03-21 18:58:54]: [INFO] Downloading GEO IP database, because the old database is older than 30 days or doesn't exist
[03-21 18:58:54]: [WARN] No MaxMind credentials found in the configuration file! GeoIp protections will be disabled.
[03-21 18:58:54]: [INFO] There is no newer GEO IP database uploaded to MaxMind. Using the old one for now.
[03-21 18:58:54]: [WARN] Could not download GeoLiteAPI database [FileNotFoundException]: plugins\AuthMe\GeoLite2-Country.mmdb (Не удается найти указанный файл)
[03-21 18:58:54]: java.io.FileNotFoundException: plugins\AuthMe\GeoLite2-Country.mmdb (Не удается найти указанный файл)
	at java.io.RandomAccessFile.open0(Native Method)
	at java.io.RandomAccessFile.open(Unknown Source)
	at java.io.RandomAccessFile.<init>(Unknown Source)
	at fr.xephi.authme.libs.com.maxmind.db.BufferHolder.<init>(BufferHolder.java:20)
	at fr.xephi.authme.libs.com.maxmind.db.Reader.<init>(Reader.java:121)
	at fr.xephi.authme.service.GeoIpService.startReading(GeoIpService.java:179)
	at fr.xephi.authme.service.GeoIpService.updateDatabase(GeoIpService.java:150)
	at org.bukkit.craftbukkit.v1_12_R1.scheduler.CraftTask.run(CraftTask.java:65)
	at org.bukkit.craftbukkit.v1_12_R1.scheduler.CraftAsyncTask.run(CraftAsyncTask.java:52)
	at com.destroystokyo.paper.ServerSchedulerReportingWrapper.run(ServerSchedulerReportingWrapper.java:22)
	at java.util.concurrent.ThreadPoolExecutor.runWorker(Unknown Source)
	at java.util.concurrent.ThreadPoolExecutor$Worker.run(Unknown Source)
	at java.lang.Thread.run(Unknown Source)

[03-21 20:43:15]: [FINE] evinoff logged in 127.0.0.1
[03-28 15:11:57]: [INFO] SQLite Setup finished
[03-28 15:11:57]: [INFO] No supported permissions system found! Permissions are disabled!
[03-28 15:11:58]: [WARN] WARNING! The protectInventory feature requires ProtocolLib! Disabling it...
[03-28 15:11:58]: [INFO] AuthMe 5.6.0 build n.CUSTOM successfully enabled!
[03-28 15:11:58]: [INFO] Downloading GEO IP database, because the old database is older than 30 days or doesn't exist
[03-28 15:11:58]: [WARN] No MaxMind credentials found in the configuration file! GeoIp protections will be disabled.
[03-28 15:11:58]: [INFO] There is no newer GEO IP database uploaded to MaxMind. Using the old one for now.
[03-28 15:11:58]: [WARN] Could not download GeoLiteAPI database [FileNotFoundException]: plugins\AuthMe\GeoLite2-Country.mmdb (Не удается найти указанный файл)
[03-28 15:11:58]: java.io.FileNotFoundException: plugins\AuthMe\GeoLite2-Country.mmdb (Не удается найти указанный файл)
	at java.io.RandomAccessFile.open0(Native Method)
	at java.io.RandomAccessFile.open(Unknown Source)
	at java.io.RandomAccessFile.<init>(Unknown Source)
	at fr.xephi.authme.libs.com.maxmind.db.BufferHolder.<init>(BufferHolder.java:20)
	at fr.xephi.authme.libs.com.maxmind.db.Reader.<init>(Reader.java:121)
	at fr.xephi.authme.service.GeoIpService.startReading(GeoIpService.java:179)
	at fr.xephi.authme.service.GeoIpService.updateDatabase(GeoIpService.java:150)
	at org.bukkit.craftbukkit.v1_12_R1.scheduler.CraftTask.run(CraftTask.java:65)
	at org.bukkit.craftbukkit.v1_12_R1.scheduler.CraftAsyncTask.run(CraftAsyncTask.java:52)
	at com.destroystokyo.paper.ServerSchedulerReportingWrapper.run(ServerSchedulerReportingWrapper.java:22)
	at java.util.concurrent.ThreadPoolExecutor.runWorker(Unknown Source)
	at java.util.concurrent.ThreadPoolExecutor$Worker.run(Unknown Source)
	at java.lang.Thread.run(Unknown Source)

[03-28 15:17:45]: [INFO] AuthMe 5.6.0-bCUSTOM disabled!
[04-04 11:21:24]: [INFO] SQLite Setup finished
[04-04 11:21:24]: [INFO] No supported permissions system found! Permissions are disabled!
[04-04 11:21:24]: [WARN] WARNING! The protectInventory feature requires ProtocolLib! Disabling it...
[04-04 11:21:24]: [INFO] AuthMe 5.6.0 build n.CUSTOM successfully enabled!
[04-04 11:21:25]: [INFO] Downloading GEO IP database, because the old database is older than 30 days or doesn't exist
[04-04 11:21:25]: [WARN] No MaxMind credentials found in the configuration file! GeoIp protections will be disabled.
[04-04 11:21:25]: [INFO] There is no newer GEO IP database uploaded to MaxMind. Using the old one for now.
[04-04 11:21:25]: [WARN] Could not download GeoLiteAPI database [FileNotFoundException]: plugins\AuthMe\GeoLite2-Country.mmdb (Не удается найти указанный файл)
[04-04 11:21:25]: java.io.FileNotFoundException: plugins\AuthMe\GeoLite2-Country.mmdb (Не удается найти указанный файл)
	at java.io.RandomAccessFile.open0(Native Method)
	at java.io.RandomAccessFile.open(Unknown Source)
	at java.io.RandomAccessFile.<init>(Unknown Source)
	at fr.xephi.authme.libs.com.maxmind.db.BufferHolder.<init>(BufferHolder.java:20)
	at fr.xephi.authme.libs.com.maxmind.db.Reader.<init>(Reader.java:121)
	at fr.xephi.authme.service.GeoIpService.startReading(GeoIpService.java:179)
	at fr.xephi.authme.service.GeoIpService.updateDatabase(GeoIpService.java:150)
	at org.bukkit.craftbukkit.v1_12_R1.scheduler.CraftTask.run(CraftTask.java:65)
	at org.bukkit.craftbukkit.v1_12_R1.scheduler.CraftAsyncTask.run(CraftAsyncTask.java:52)
	at com.destroystokyo.paper.ServerSchedulerReportingWrapper.run(ServerSchedulerReportingWrapper.java:22)
	at java.util.concurrent.ThreadPoolExecutor.runWorker(Unknown Source)
	at java.util.concurrent.ThreadPoolExecutor$Worker.run(Unknown Source)
	at java.lang.Thread.run(Unknown Source)

[04-04 11:21:52]: [INFO] AuthMe 5.6.0-bCUSTOM disabled!
[04-04 11:23:43]: [INFO] SQLite Setup finished
[04-04 11:23:43]: [INFO] No supported permissions system found! Permissions are disabled!
[04-04 11:23:44]: [WARN] WARNING! The protectInventory feature requires ProtocolLib! Disabling it...
[04-04 11:23:44]: [INFO] AuthMe 5.6.0 build n.CUSTOM successfully enabled!
[04-04 11:23:44]: [INFO] Downloading GEO IP database, because the old database is older than 30 days or doesn't exist
[04-04 11:23:44]: [WARN] No MaxMind credentials found in the configuration file! GeoIp protections will be disabled.
[04-04 11:23:44]: [INFO] There is no newer GEO IP database uploaded to MaxMind. Using the old one for now.
[04-04 11:23:44]: [WARN] Could not download GeoLiteAPI database [FileNotFoundException]: plugins\AuthMe\GeoLite2-Country.mmdb (Не удается найти указанный файл)
[04-04 11:23:44]: java.io.FileNotFoundException: plugins\AuthMe\GeoLite2-Country.mmdb (Не удается найти указанный файл)
	at java.io.RandomAccessFile.open0(Native Method)
	at java.io.RandomAccessFile.open(Unknown Source)
	at java.io.RandomAccessFile.<init>(Unknown Source)
	at fr.xephi.authme.libs.com.maxmind.db.BufferHolder.<init>(BufferHolder.java:20)
	at fr.xephi.authme.libs.com.maxmind.db.Reader.<init>(Reader.java:121)
	at fr.xephi.authme.service.GeoIpService.startReading(GeoIpService.java:179)
	at fr.xephi.authme.service.GeoIpService.updateDatabase(GeoIpService.java:150)
	at org.bukkit.craftbukkit.v1_12_R1.scheduler.CraftTask.run(CraftTask.java:65)
	at org.bukkit.craftbukkit.v1_12_R1.scheduler.CraftAsyncTask.run(CraftAsyncTask.java:52)
	at com.destroystokyo.paper.ServerSchedulerReportingWrapper.run(ServerSchedulerReportingWrapper.java:22)
	at java.util.concurrent.ThreadPoolExecutor.runWorker(Unknown Source)
	at java.util.concurrent.ThreadPoolExecutor$Worker.run(Unknown Source)
	at java.lang.Thread.run(Unknown Source)

[04-04 11:25:44]: [FINE] nidarin registered 127.0.0.1
[04-04 11:25:44]: [FINE] The user nidarin has 2 accounts:
[04-04 11:25:44]: [FINE] §7evinoff, §anidarin§7.
[04-04 11:25:44]: [FINE] nidarin logged in 127.0.0.1
[04-04 11:31:03]: [INFO] AuthMe 5.6.0-bCUSTOM disabled!
